<?xml version="1.0" encoding="UTF-8"?>
<coverage generated="1777076825">
  <project timestamp="1777076825" name="Clover Coverage">
    <package name="FastForward\Framework\ServiceProvider">
      <file name="/home/runner/work/framework/framework/src/ServiceProvider/FrameworkServiceProvider.php">
        <class name="FastForward\Framework\ServiceProvider\FrameworkServiceProvider" namespace="FastForward\Framework\ServiceProvider">
          <metrics complexity="1" methods="1" coveredmethods="1" conditionals="0" coveredconditionals="0" statements="5" coveredstatements="5" elements="6" coveredelements="6"/>
        </class>
        <line num="48" type="method" name="__construct" visibility="public" complexity="1" crap="1" count="2"/>
        <line num="50" type="stmt" count="2"/>
        <line num="51" type="stmt" count="2"/>
        <line num="52" type="stmt" count="2"/>
        <line num="53" type="stmt" count="2"/>
        <line num="54" type="stmt" count="2"/>
        <metrics loc="57" ncloc="24" classes="1" methods="1" coveredmethods="1" conditionals="0" coveredconditionals="0" statements="5" coveredstatements="5" elements="6" coveredelements="6"/>
      </file>
    </package>
    <metrics files="1" loc="57" ncloc="24" classes="1" methods="1" coveredmethods="1" conditionals="0" coveredconditionals="0" statements="5" coveredstatements="5" elements="6" coveredelements="6"/>
  </project>
</coverage>
